<?xml version="1.0" encoding="UTF-8"?>
<!-- Generated by org.testng.reporters.JUnitReportReporter -->
<testsuite hostname="BT-2105309" failures="0" tests="11" name="test.FlightBookingAutomation" time="30.918" errors="0" timestamp="2026-03-09T15:37:26 IST" skipped="0">
  <testcase classname="test.FlightBookingAutomation" name="depCity" time="2.393"/>
  <testcase classname="test.FlightBookingAutomation" name="navigate" time="4.329"/>
  <testcase classname="test.FlightBookingAutomation" name="personalDetails" time="5.156"/>
  <testcase classname="test.FlightBookingAutomation" name="findFlights" time="0.192"/>
  <testcase classname="test.FlightBookingAutomation" name="purchaseFlight" time="0.586"/>
  <testcase classname="test.FlightBookingAutomation" name="dispFlights" time="2.509"/>
  <testcase classname="test.FlightBookingAutomation" name="destCity" time="2.280"/>
  <testcase classname="test.FlightBookingAutomation" name="verifyBooking" time="3.121"/>
  <testcase classname="test.FlightBookingAutomation" name="chooseFlight" time="0.739"/>
  <testcase classname="test.FlightBookingAutomation" name="paymentDetails" time="7.441"/>
  <testcase classname="test.FlightBookingAutomation" name="verifyPage" time="2.172"/>
</testsuite> <!-- test.FlightBookingAutomation -->
